<?xml version="1.0" encoding="UTF-8" ?>
<testsuite tests="9" failures="0" name="org.beancp.BindingOptionTest" time="0.052" errors="0" skipped="0">
  <properties>
[...]
</properties>
  <testcase classname="org.beancp.BindingOptionTest" name="bindConstant_SHOULD_be_executed_if_mapWhen_option_evaluates_to_TRUE" time="0"/>
  <testcase classname="org.beancp.BindingOptionTest" name="when_mapWhen_option_evaluates_to_false_then_no_other_bind_options_should_be_evaluated" time="0"/>
  <testcase classname="org.beancp.BindingOptionTest" name="bind_from_null_SHOULD_replace_null_value_with_value_from_withNullSubstitution_option" time="0"/>
  <testcase classname="org.beancp.BindingOptionTest" name="bind_from_null_SHOULD_NOT_null_value_with_value_if_withNullSubstitution_option_is_not_present" time="0"/>
  <testcase classname="org.beancp.BindingOptionTest" name="bind_SHOULD_NOT_be_executed_if_mapWhen_option_evaluates_to_FALSE" time="0"/>
  <testcase classname="org.beancp.BindingOptionTest" name="when_mapWhen_option_evaluates_to_true_then_other_bind_options_should_be_evaluated" time="0"/>
  <testcase classname="org.beancp.BindingOptionTest" name="bind_SHOULD_be_executed_if_mapWhen_option_evaluates_to_TRUE" time="0"/>
  <testcase classname="org.beancp.BindingOptionTest" name="bindConstant_shold_not_accept_withNullSubstitution_option" time="0"/>
  <testcase classname="org.beancp.BindingOptionTest" name="bindConstant_SHOULD_NOT_be_executed_if_mapWhen_option_evaluates_to_FALSE" time="0.052"/>
</testsuite>