<?xml version="1.0" encoding="UTF-8" ?>
<testsuite tests="12" failures="0" name="org.beancp.MappedObjectConstraintsTest" time="0.114" errors="0" skipped="0">
  <properties>
[...]
</properties>
  <testcase classname="org.beancp.MappedObjectConstraintsTest" name="mapper_should_not_accept_final_destination_classes" time="0"/>
  <testcase classname="org.beancp.MappedObjectConstraintsTest" name="mapper_should_not_accept_source_classes_with_protected_default_constructor_when_class_is_final" time="0.007"/>
  <testcase classname="org.beancp.MappedObjectConstraintsTest" name="mapper_should_accept_classes_with_protected_default_constructor_when_class_is_not_final" time="0.092"/>
  <testcase classname="org.beancp.MappedObjectConstraintsTest" name="mapper_should_not_accept_destination_classes_with_protected_default_constructor_when_class_is_final" time="0"/>
  <testcase classname="org.beancp.MappedObjectConstraintsTest" name="mapper_should_accept_final_source_classes" time="0"/>
  <testcase classname="org.beancp.MappedObjectConstraintsTest" name="mapper_should_work_when_mapped_properties_are_final" time="0.001"/>
  <testcase classname="org.beancp.MappedObjectConstraintsTest" name="mapper_should_not_accept_source_classes_with_private_default_constructor" time="0.002"/>
  <testcase classname="org.beancp.MappedObjectConstraintsTest" name="mapper_should_not_accept_source_classes_with_no_default_constructor" time="0"/>
  <testcase classname="org.beancp.MappedObjectConstraintsTest" name="mapper_should_not_accept_non_static_destination_classes" time="0.002"/>
  <testcase classname="org.beancp.MappedObjectConstraintsTest" name="mapper_should_not_accept_destination_classes_with_no_default_constructor" time="0.01"/>
  <testcase classname="org.beancp.MappedObjectConstraintsTest" name="mapper_should_not_accept_non_static_source_classes" time="0"/>
  <testcase classname="org.beancp.MappedObjectConstraintsTest" name="mapper_should_not_accept_destination_classes_with_private_default_constructor" time="0"/>
</testsuite>